[INFO  - 2017-12-17T09:30:50.748Z] GhostDriver - Main - running on port 44938
[INFO  - 2017-12-17T09:30:51.597Z] Session [f9122c80-e30c-11e7-bf7b-55d8c305cf40] - page.settings - {"XSSAuditingEnabled":false,"javascriptCanCloseWindows":true,"javascriptCanOpenWindows":true,"javascriptEnabled":true,"loadImages":true,"localToRemoteUrlAccessEnabled":false,"userAgent":"Mozilla/5.0 (Unknown; Linux x86_64) AppleWebKit/538.1 (KHTML, like Gecko) PhantomJS/2.1.1 Safari/538.1","webSecurityEnabled":true}
[INFO  - 2017-12-17T09:30:51.597Z] Session [f9122c80-e30c-11e7-bf7b-55d8c305cf40] - page.customHeaders:  - {}
[INFO  - 2017-12-17T09:30:51.597Z] Session [f9122c80-e30c-11e7-bf7b-55d8c305cf40] - Session.negotiatedCapabilities - {"browserName":"phantomjs","version":"2.1.1","driverName":"ghostdriver","driverVersion":"1.2.0","platform":"linux-unknown-64bit","javascriptEnabled":true,"takesScreenshot":true,"handlesAlerts":false,"databaseEnabled":false,"locationContextEnabled":false,"applicationCacheEnabled":false,"browserConnectionEnabled":false,"cssSelectorsEnabled":true,"webStorageEnabled":false,"rotatable":false,"acceptSslCerts":false,"nativeEvents":true,"proxy":{"proxyType":"direct"}}
[INFO  - 2017-12-17T09:30:51.597Z] SessionManagerReqHand - _postNewSessionCommand - New Session Created: f9122c80-e30c-11e7-bf7b-55d8c305cf40
[ERROR - 2017-12-17T09:31:02.919Z] Session [f9122c80-e30c-11e7-bf7b-55d8c305cf40] - page.onError - msg: TypeError: Attempting to configurable attribute of unconfigurable property.

  phantomjs://platform/console++.js:263 in error
[ERROR - 2017-12-17T09:31:02.919Z] Session [f9122c80-e30c-11e7-bf7b-55d8c305cf40] - page.onError - stack:
  defineProperties (https://misc.360buyimg.com/??jdf/1.0.0/unit/base/5.0.0/base.js,jdf/lib/jquery-1.6.4.js,jdf/2.0.0/ui/ui/1.0.0/ui.js,mtd/pc/common/js/o2_ua.js,mtd/pc/base/1.0.0/base.js,mtd/pc/index_2017/1.0.2/lib/base.dll.js,mtd/pc/index_2017/1.0.2/home/index.js:9)
  r (https://misc.360buyimg.com/??jdf/1.0.0/unit/base/5.0.0/base.js,jdf/lib/jquery-1.6.4.js,jdf/2.0.0/ui/ui/1.0.0/ui.js,mtd/pc/common/js/o2_ua.js,mtd/pc/base/1.0.0/base.js,mtd/pc/index_2017/1.0.2/lib/base.dll.js,mtd/pc/index_2017/1.0.2/home/index.js:9)
  click (:0)
  trigger (https://misc.360buyimg.com/??jdf/1.0.0/unit/base/5.0.0/base.js,jdf/lib/jquery-1.6.4.js,jdf/2.0.0/ui/ui/1.0.0/ui.js,mtd/pc/common/js/o2_ua.js,mtd/pc/base/1.0.0/base.js,mtd/pc/index_2017/1.0.2/lib/base.dll.js,mtd/pc/index_2017/1.0.2/home/index.js:5)
  (anonymous function) (https://misc.360buyimg.com/??jdf/1.0.0/unit/base/5.0.0/base.js,jdf/lib/jquery-1.6.4.js,jdf/2.0.0/ui/ui/1.0.0/ui.js,mtd/pc/common/js/o2_ua.js,mtd/pc/base/1.0.0/base.js,mtd/pc/index_2017/1.0.2/lib/base.dll.js,mtd/pc/index_2017/1.0.2/home/index.js:5)
  each (https://misc.360buyimg.com/??jdf/1.0.0/unit/base/5.0.0/base.js,jdf/lib/jquery-1.6.4.js,jdf/2.0.0/ui/ui/1.0.0/ui.js,mtd/pc/common/js/o2_ua.js,mtd/pc/base/1.0.0/base.js,mtd/pc/index_2017/1.0.2/lib/base.dll.js,mtd/pc/index_2017/1.0.2/home/index.js:4)
  each (https://misc.360buyimg.com/??jdf/1.0.0/unit/base/5.0.0/base.js,jdf/lib/jquery-1.6.4.js,jdf/2.0.0/ui/ui/1.0.0/ui.js,mtd/pc/common/js/o2_ua.js,mtd/pc/base/1.0.0/base.js,mtd/pc/index_2017/1.0.2/lib/base.dll.js,mtd/pc/index_2017/1.0.2/home/index.js:4)
  trigger (https://misc.360buyimg.com/??jdf/1.0.0/unit/base/5.0.0/base.js,jdf/lib/jquery-1.6.4.js,jdf/2.0.0/ui/ui/1.0.0/ui.js,mtd/pc/common/js/o2_ua.js,mtd/pc/base/1.0.0/base.js,mtd/pc/index_2017/1.0.2/lib/base.dll.js,mtd/pc/index_2017/1.0.2/home/index.js:5)
  init (https://misc.360buyimg.com/mtd/pc/common/js/toolbar.min.js:1)
  t (https://misc.360buyimg.com/mtd/pc/common/js/toolbar.min.js:1)
  (anonymous function) (https://misc.360buyimg.com/mtd/pc/index_2017/1.0.2/chunk/toolbar.chunk.js:1)
  callback (https://misc.360buyimg.com/??jdf/1.0.0/unit/base/5.0.0/base.js,jdf/lib/jquery-1.6.4.js,jdf/2.0.0/ui/ui/1.0.0/ui.js,mtd/pc/common/js/o2_ua.js,mtd/pc/base/1.0.0/base.js,mtd/pc/index_2017/1.0.2/lib/base.dll.js,mtd/pc/index_2017/1.0.2/home/index.js:2)
  onload (https://misc.360buyimg.com/??jdf/1.0.0/unit/base/5.0.0/base.js,jdf/lib/jquery-1.6.4.js,jdf/2.0.0/ui/ui/1.0.0/ui.js,mtd/pc/common/js/o2_ua.js,mtd/pc/base/1.0.0/base.js,mtd/pc/index_2017/1.0.2/lib/base.dll.js,mtd/pc/index_2017/1.0.2/home/index.js:2)
  onload (https://misc.360buyimg.com/??jdf/1.0.0/unit/base/5.0.0/base.js,jdf/lib/jquery-1.6.4.js,jdf/2.0.0/ui/ui/1.0.0/ui.js,mtd/pc/common/js/o2_ua.js,mtd/pc/base/1.0.0/base.js,mtd/pc/index_2017/1.0.2/lib/base.dll.js,mtd/pc/index_2017/1.0.2/home/index.js:2)
  onload (https://misc.360buyimg.com/??jdf/1.0.0/unit/base/5.0.0/base.js,jdf/lib/jquery-1.6.4.js,jdf/2.0.0/ui/ui/1.0.0/ui.js,mtd/pc/common/js/o2_ua.js,mtd/pc/base/1.0.0/base.js,mtd/pc/index_2017/1.0.2/lib/base.dll.js,mtd/pc/index_2017/1.0.2/home/index.js:2)
  load (https://misc.360buyimg.com/??jdf/1.0.0/unit/base/5.0.0/base.js,jdf/lib/jquery-1.6.4.js,jdf/2.0.0/ui/ui/1.0.0/ui.js,mtd/pc/common/js/o2_ua.js,mtd/pc/base/1.0.0/base.js,mtd/pc/index_2017/1.0.2/lib/base.dll.js,mtd/pc/index_2017/1.0.2/home/index.js:2)
  d (https://misc.360buyimg.com/??jdf/1.0.0/unit/base/5.0.0/base.js,jdf/lib/jquery-1.6.4.js,jdf/2.0.0/ui/ui/1.0.0/ui.js,mtd/pc/common/js/o2_ua.js,mtd/pc/base/1.0.0/base.js,mtd/pc/index_2017/1.0.2/lib/base.dll.js,mtd/pc/index_2017/1.0.2/home/index.js:2)
  f (https://misc.360buyimg.com/??jdf/1.0.0/unit/base/5.0.0/base.js,jdf/lib/jquery-1.6.4.js,jdf/2.0.0/ui/ui/1.0.0/ui.js,mtd/pc/common/js/o2_ua.js,mtd/pc/base/1.0.0/base.js,mtd/pc/index_2017/1.0.2/lib/base.dll.js,mtd/pc/index_2017/1.0.2/home/index.js:2)

  phantomjs://platform/console++.js:263 in error
[ERROR - 2017-12-17T09:33:19.188Z] RouterReqHand - _handle.error - {"name":"Invalid Command Method","message":"{\"headers\":{\"Accept\":\"application/json\",\"Accept-Encoding\":\"identity\",\"Connection\":\"close\",\"Content-Type\":\"application/json;charset=UTF-8\",\"Host\":\"127.0.0.1:44938\",\"User-Agent\":\"Python http auth\"},\"httpVersion\":\"1.1\",\"method\":\"GET\",\"url\":\"/rect\",\"urlParsed\":{\"anchor\":\"\",\"query\":\"\",\"file\":\"rect\",\"directory\":\"/\",\"path\":\"/rect\",\"relative\":\"/rect\",\"port\":\"\",\"host\":\"\",\"password\":\"\",\"user\":\"\",\"userInfo\":\"\",\"authority\":\"\",\"protocol\":\"\",\"source\":\"/rect\",\"queryKey\":{},\"chunks\":[\"rect\"]},\"urlOriginal\":\"/session/f9122c80-e30c-11e7-bf7b-55d8c305cf40/element/:wdc:1513503096725/rect\"}","line":123,"sourceURL":"phantomjs://code/webelement_request_handler.js","stack":"_handle@phantomjs://code/webelement_request_handler.js:123:66\n_reroute@phantomjs://code/request_handler.js:61:20\n_handle@phantomjs://code/session_request_handler.js:120:42\n_reroute@phantomjs://code/request_handler.js:61:20\n_handle@phantomjs://code/router_request_handler.js:78:46"}

  phantomjs://platform/console++.js:263 in error
[ERROR - 2017-12-17T09:33:22.239Z] RouterReqHand - _handle.error - {"name":"Invalid Command Method","message":"{\"headers\":{\"Accept\":\"application/json\",\"Accept-Encoding\":\"identity\",\"Connection\":\"close\",\"Content-Type\":\"application/json;charset=UTF-8\",\"Host\":\"127.0.0.1:44938\",\"User-Agent\":\"Python http auth\"},\"httpVersion\":\"1.1\",\"method\":\"GET\",\"url\":\"/rect\",\"urlParsed\":{\"anchor\":\"\",\"query\":\"\",\"file\":\"rect\",\"directory\":\"/\",\"path\":\"/rect\",\"relative\":\"/rect\",\"port\":\"\",\"host\":\"\",\"password\":\"\",\"user\":\"\",\"userInfo\":\"\",\"authority\":\"\",\"protocol\":\"\",\"source\":\"/rect\",\"queryKey\":{},\"chunks\":[\"rect\"]},\"urlOriginal\":\"/session/f9122c80-e30c-11e7-bf7b-55d8c305cf40/element/:wdc:1513503096725/rect\"}","line":123,"sourceURL":"phantomjs://code/webelement_request_handler.js","stack":"_handle@phantomjs://code/webelement_request_handler.js:123:66\n_reroute@phantomjs://code/request_handler.js:61:20\n_handle@phantomjs://code/session_request_handler.js:120:42\n_reroute@phantomjs://code/request_handler.js:61:20\n_handle@phantomjs://code/router_request_handler.js:78:46"}

  phantomjs://platform/console++.js:263 in error
[ERROR - 2017-12-17T09:33:25.222Z] RouterReqHand - _handle.error - {"name":"Invalid Command Method","message":"{\"headers\":{\"Accept\":\"application/json\",\"Accept-Encoding\":\"identity\",\"Connection\":\"close\",\"Content-Type\":\"application/json;charset=UTF-8\",\"Host\":\"127.0.0.1:44938\",\"User-Agent\":\"Python http auth\"},\"httpVersion\":\"1.1\",\"method\":\"GET\",\"url\":\"/rect\",\"urlParsed\":{\"anchor\":\"\",\"query\":\"\",\"file\":\"rect\",\"directory\":\"/\",\"path\":\"/rect\",\"relative\":\"/rect\",\"port\":\"\",\"host\":\"\",\"password\":\"\",\"user\":\"\",\"userInfo\":\"\",\"authority\":\"\",\"protocol\":\"\",\"source\":\"/rect\",\"queryKey\":{},\"chunks\":[\"rect\"]},\"urlOriginal\":\"/session/f9122c80-e30c-11e7-bf7b-55d8c305cf40/element/:wdc:1513503096725/rect\"}","line":123,"sourceURL":"phantomjs://code/webelement_request_handler.js","stack":"_handle@phantomjs://code/webelement_request_handler.js:123:66\n_reroute@phantomjs://code/request_handler.js:61:20\n_handle@phantomjs://code/session_request_handler.js:120:42\n_reroute@phantomjs://code/request_handler.js:61:20\n_handle@phantomjs://code/router_request_handler.js:78:46"}

  phantomjs://platform/console++.js:263 in error
[ERROR - 2017-12-17T09:33:28.039Z] RouterReqHand - _handle.error - {"name":"Invalid Command Method","message":"{\"headers\":{\"Accept\":\"application/json\",\"Accept-Encoding\":\"identity\",\"Connection\":\"close\",\"Content-Type\":\"application/json;charset=UTF-8\",\"Host\":\"127.0.0.1:44938\",\"User-Agent\":\"Python http auth\"},\"httpVersion\":\"1.1\",\"method\":\"GET\",\"url\":\"/rect\",\"urlParsed\":{\"anchor\":\"\",\"query\":\"\",\"file\":\"rect\",\"directory\":\"/\",\"path\":\"/rect\",\"relative\":\"/rect\",\"port\":\"\",\"host\":\"\",\"password\":\"\",\"user\":\"\",\"userInfo\":\"\",\"authority\":\"\",\"protocol\":\"\",\"source\":\"/rect\",\"queryKey\":{},\"chunks\":[\"rect\"]},\"urlOriginal\":\"/session/f9122c80-e30c-11e7-bf7b-55d8c305cf40/element/:wdc:1513503096725/rect\"}","line":123,"sourceURL":"phantomjs://code/webelement_request_handler.js","stack":"_handle@phantomjs://code/webelement_request_handler.js:123:66\n_reroute@phantomjs://code/request_handler.js:61:20\n_handle@phantomjs://code/session_request_handler.js:120:42\n_reroute@phantomjs://code/request_handler.js:61:20\n_handle@phantomjs://code/router_request_handler.js:78:46"}

  phantomjs://platform/console++.js:263 in error
[ERROR - 2017-12-17T09:33:30.916Z] RouterReqHand - _handle.error - {"name":"Invalid Command Method","message":"{\"headers\":{\"Accept\":\"application/json\",\"Accept-Encoding\":\"identity\",\"Connection\":\"close\",\"Content-Type\":\"application/json;charset=UTF-8\",\"Host\":\"127.0.0.1:44938\",\"User-Agent\":\"Python http auth\"},\"httpVersion\":\"1.1\",\"method\":\"GET\",\"url\":\"/rect\",\"urlParsed\":{\"anchor\":\"\",\"query\":\"\",\"file\":\"rect\",\"directory\":\"/\",\"path\":\"/rect\",\"relative\":\"/rect\",\"port\":\"\",\"host\":\"\",\"password\":\"\",\"user\":\"\",\"userInfo\":\"\",\"authority\":\"\",\"protocol\":\"\",\"source\":\"/rect\",\"queryKey\":{},\"chunks\":[\"rect\"]},\"urlOriginal\":\"/session/f9122c80-e30c-11e7-bf7b-55d8c305cf40/element/:wdc:1513503096725/rect\"}","line":123,"sourceURL":"phantomjs://code/webelement_request_handler.js","stack":"_handle@phantomjs://code/webelement_request_handler.js:123:66\n_reroute@phantomjs://code/request_handler.js:61:20\n_handle@phantomjs://code/session_request_handler.js:120:42\n_reroute@phantomjs://code/request_handler.js:61:20\n_handle@phantomjs://code/router_request_handler.js:78:46"}

  phantomjs://platform/console++.js:263 in error
[ERROR - 2017-12-17T09:35:15.764Z] RouterReqHand - _handle.error - {"name":"Invalid Command Method","message":"{\"headers\":{\"Accept\":\"application/json\",\"Accept-Encoding\":\"identity\",\"Connection\":\"close\",\"Content-Type\":\"application/json;charset=UTF-8\",\"Host\":\"127.0.0.1:44938\",\"User-Agent\":\"Python http auth\"},\"httpVersion\":\"1.1\",\"method\":\"GET\",\"url\":\"/orientation\",\"urlParsed\":{\"anchor\":\"\",\"query\":\"\",\"file\":\"orientation\",\"directory\":\"/\",\"path\":\"/orientation\",\"relative\":\"/orientation\",\"port\":\"\",\"host\":\"\",\"password\":\"\",\"user\":\"\",\"userInfo\":\"\",\"authority\":\"\",\"protocol\":\"\",\"source\":\"/orientation\",\"queryKey\":{},\"chunks\":[\"orientation\"]},\"urlOriginal\":\"/session/f9122c80-e30c-11e7-bf7b-55d8c305cf40/orientation\"}","line":202,"sourceURL":"phantomjs://code/session_request_handler.js","stack":"_handle@phantomjs://code/session_request_handler.js:202:66\n_reroute@phantomjs://code/request_handler.js:61:20\n_handle@phantomjs://code/router_request_handler.js:78:46"}

  phantomjs://platform/console++.js:263 in error
[ERROR - 2017-12-17T09:35:15.892Z] RouterReqHand - _handle.error - {"name":"Invalid Command Method","message":"{\"headers\":{\"Accept\":\"application/json\",\"Accept-Encoding\":\"identity\",\"Connection\":\"close\",\"Content-Type\":\"application/json;charset=UTF-8\",\"Host\":\"127.0.0.1:44938\",\"User-Agent\":\"Python http auth\"},\"httpVersion\":\"1.1\",\"method\":\"GET\",\"url\":\"/orientation\",\"urlParsed\":{\"anchor\":\"\",\"query\":\"\",\"file\":\"orientation\",\"directory\":\"/\",\"path\":\"/orientation\",\"relative\":\"/orientation\",\"port\":\"\",\"host\":\"\",\"password\":\"\",\"user\":\"\",\"userInfo\":\"\",\"authority\":\"\",\"protocol\":\"\",\"source\":\"/orientation\",\"queryKey\":{},\"chunks\":[\"orientation\"]},\"urlOriginal\":\"/session/f9122c80-e30c-11e7-bf7b-55d8c305cf40/orientation\"}","line":202,"sourceURL":"phantomjs://code/session_request_handler.js","stack":"_handle@phantomjs://code/session_request_handler.js:202:66\n_reroute@phantomjs://code/request_handler.js:61:20\n_handle@phantomjs://code/router_request_handler.js:78:46"}

  phantomjs://platform/console++.js:263 in error
[INFO  - 2017-12-17T09:35:50.745Z] SessionManagerReqHand - _cleanupWindowlessSessions - Asynchronous Sessions clean-up phase starting NOW
[INFO  - 2017-12-17T09:40:50.745Z] SessionManagerReqHand - _cleanupWindowlessSessions - Asynchronous Sessions clean-up phase starting NOW
[INFO  - 2017-12-17T09:45:50.746Z] SessionManagerReqHand - _cleanupWindowlessSessions - Asynchronous Sessions clean-up phase starting NOW
[INFO  - 2017-12-17T09:50:50.746Z] SessionManagerReqHand - _cleanupWindowlessSessions - Asynchronous Sessions clean-up phase starting NOW
[INFO  - 2017-12-17T09:55:50.747Z] SessionManagerReqHand - _cleanupWindowlessSessions - Asynchronous Sessions clean-up phase starting NOW
[INFO  - 2017-12-17T10:00:50.747Z] SessionManagerReqHand - _cleanupWindowlessSessions - Asynchronous Sessions clean-up phase starting NOW
[INFO  - 2017-12-17T10:05:50.747Z] SessionManagerReqHand - _cleanupWindowlessSessions - Asynchronous Sessions clean-up phase starting NOW
[INFO  - 2017-12-17T10:10:50.748Z] SessionManagerReqHand - _cleanupWindowlessSessions - Asynchronous Sessions clean-up phase starting NOW
[INFO  - 2017-12-17T10:15:50.755Z] SessionManagerReqHand - _cleanupWindowlessSessions - Asynchronous Sessions clean-up phase starting NOW
[INFO  - 2017-12-17T10:20:50.756Z] SessionManagerReqHand - _cleanupWindowlessSessions - Asynchronous Sessions clean-up phase starting NOW
[INFO  - 2017-12-17T10:25:50.756Z] SessionManagerReqHand - _cleanupWindowlessSessions - Asynchronous Sessions clean-up phase starting NOW
[INFO  - 2017-12-17T10:30:50.769Z] SessionManagerReqHand - _cleanupWindowlessSessions - Asynchronous Sessions clean-up phase starting NOW
[INFO  - 2017-12-17T10:35:50.769Z] SessionManagerReqHand - _cleanupWindowlessSessions - Asynchronous Sessions clean-up phase starting NOW
